Arguments: 
  /usr/local/bin/node /usr/share/yarn/bin/yarn.js

PATH: 
  /home/yoon/.cargo/bin:/home/yoon/.yarn/bin:/usr/local/sbin:/usr/local/bin:/usr/sbin:/usr/bin:/sbin:/bin:/usr/games:/usr/local/games:/snap/bin

Yarn version: 
  1.22.5

Node version: 
  16.15.1

Platform: 
  linux x64

Trace: 
  Error: connect ENETUNREACH 240e:b1:9801:409:3::3fc:443 - Local (:::0)
      at internalConnect (node:net:953:16)
      at defaultTriggerAsyncIdScope (node:internal/async_hooks:465:18)
      at emitLookup (node:net:1097:9)
      at /usr/share/yarn/lib/cli.js:107543:29
      at /usr/share/yarn/lib/cli.js:107389:25
      at RawTask.module.exports.RawTask.call (/usr/share/yarn/lib/cli.js:83614:19)
      at flush (/usr/share/yarn/lib/cli.js:83696:29)
      at processTicksAndRejections (node:internal/process/task_queues:78:11)

npm manifest: 
  {
    "name": "taro-plugin",
    "version": "1.0.0",
    "private": true,
    "description": "",
    "templateInfo": {
      "name": "wxplugin",
      "typescript": true,
      "css": "sass"
    },
    "scripts": {
      "build:weapp": "taro build --type weapp",
      "build:swan": "taro build --type swan",
      "build:alipay": "taro build --type alipay",
      "build:tt": "taro build --type tt",
      "build:h5": "taro build --type h5",
      "build:rn": "taro build --type rn",
      "build:qq": "taro build --type qq",
      "build:quickapp": "taro build --type quickapp",
      "dev:weapp": "npm run build:weapp -- --watch",
      "dev:swan": "npm run build:swan -- --watch",
      "dev:alipay": "npm run build:alipay -- --watch",
      "dev:tt": "npm run build:tt -- --watch",
      "dev:h5": "npm run build:h5 -- --watch",
      "dev:rn": "npm run build:rn -- --watch",
      "dev:qq": "npm run build:qq -- --watch",
      "dev:quickapp": "npm run build:quickapp -- --watch"
    },
    "author": "",
    "license": "MIT",
    "browserslist": [
      "last 3 versions",
      "Android >= 4.1",
      "ios >= 8"
    ],
    "author": "",
    "dependencies": {
      "@babel/runtime": "^7.7.7",
      "@tarojs/components": "3.5.3",
      "@tarojs/helper": "3.5.3",
      "@tarojs/plugin-platform-weapp": "3.5.3",
      "@tarojs/plugin-platform-alipay": "3.5.3",
      "@tarojs/plugin-platform-tt": "3.5.3",
      "@tarojs/plugin-platform-swan": "3.5.3",
      "@tarojs/plugin-platform-jd": "3.5.3",
      "@tarojs/plugin-platform-qq": "3.5.3",
      "@tarojs/router": "3.5.3",
      "@tarojs/runtime": "3.5.3",
      "@tarojs/shared": "3.5.3",
      "@tarojs/taro": "3.5.3",
      "@tarojs/taro-h5": "3.5.3",
      "@tarojs/plugin-framework-react": "3.5.3",
      "@tarojs/react": "3.5.3",
      "react-dom": "^18.0.0",
      "react": "^18.0.0"
    },
    "devDependencies": {
      "@babel/core": "^7.8.0",
      "@tarojs/cli": "3.5.3",
      "@types/webpack-env": "^1.13.6",
      "@types/react": "^18.0.0",
      "webpack": "5.69.0",
      "@tarojs/webpack5-runner": "3.5.3",
      "babel-preset-taro": "3.5.3",
      "eslint-config-taro": "3.5.3",
      "eslint": "^8.12.0",
      "@pmmmwh/react-refresh-webpack-plugin": "^0.5.5",
      "react-refresh": "^0.11.0",
      "eslint-plugin-react": "^7.8.2",
      "eslint-plugin-import": "^2.12.0",
      "eslint-plugin-react-hooks": "^4.2.0",
      "stylelint": "9.3.0",
      "@typescript-eslint/parser": "^5.20.0",
      "@typescript-eslint/eslint-plugin": "^5.20.0",
      "typescript": "^4.1.0"
    }
  }

yarn manifest: 
  No manifest

Lockfile: 
  No lockfile
